<?xml version="1.0" encoding="UTF-8"?>
<!-- Generated by org.testng.reporters.JUnitReportReporter -->
<testsuite hostname="DESKTOP-JVEHMS9" failures="0" tests="3" name="tests.SportsTest" time="15.437" errors="0" timestamp="2021-01-08T11:31:20 GMT" skipped="0">
  <testcase classname="tests.SportsTest" name="verifySPortLogin" time="5.592"/>
  <system-out/>
  <testcase classname="tests.SportsTest" name="selectMensShoes" time="7.228"/>
  <system-out/>
  <testcase classname="tests.SportsTest" name="MenShoesSelection" time="2.617"/>
  <system-out/>
</testsuite> <!-- tests.SportsTest -->
